d:\dev\gameframework\source\dxut\optional\debug\vc120.pdb
d:\dev\gameframework\source\dxut\optional\debug\vc120.idb
d:\dev\gameframework\source\dxut\optional\debug\sdkwavefile.obj
d:\dev\gameframework\source\dxut\optional\debug\sdksound.obj
d:\dev\gameframework\source\dxut\optional\debug\sdkmisc.obj
d:\dev\gameframework\source\dxut\optional\debug\sdkmesh.obj
d:\dev\gameframework\source\dxut\optional\debug\imeui.obj
d:\dev\gameframework\source\dxut\optional\debug\dxutshapes.obj
d:\dev\gameframework\source\dxut\optional\debug\dxutsettingsdlg.obj
d:\dev\gameframework\source\dxut\optional\debug\dxutres.obj
d:\dev\gameframework\source\dxut\optional\debug\dxutguiime.obj
d:\dev\gameframework\source\dxut\optional\debug\dxutgui.obj
d:\dev\gameframework\source\dxut\optional\debug\dxutcamera.obj
d:\dev\gameframework\lib\debug\dxutopt.lib
d:\dev\gameframework\source\dxut\optional\..\..\..\lib\debug\dxutopt.lib
d:\dev\gameframework\source\dxut\optional\debug\dxutopt.tlog\cl.command.1.tlog
d:\dev\gameframework\source\dxut\optional\debug\dxutopt.tlog\cl.read.1.tlog
d:\dev\gameframework\source\dxut\optional\debug\dxutopt.tlog\cl.write.1.tlog
d:\dev\gameframework\source\dxut\optional\debug\dxutopt.tlog\lib.command.1.tlog
d:\dev\gameframework\source\dxut\optional\debug\dxutopt.tlog\lib.read.1.tlog
d:\dev\gameframework\source\dxut\optional\debug\dxutopt.tlog\lib.write.1.tlog
